<?xml version="1.0" encoding="UTF-8"?>
<coverage generated="1639170619806" clover="3.2.0">
  <project timestamp="1639170619807" name="All files">
    <metrics statements="17" coveredstatements="11" conditionals="0" coveredconditionals="0" methods="8" coveredmethods="5" elements="25" coveredelements="16" complexity="0" loc="17" ncloc="17" packages="1" files="2" classes="2"/>
    <file name="scripts.js" path="/home/angela/Documents/JS/todo-list/src/scripts.js">
      <metrics statements="13" coveredstatements="8" conditionals="0" coveredconditionals="0" methods="6" coveredmethods="4"/>
      <line num="1" count="1" type="stmt"/>
      <line num="2" count="0" type="stmt"/>
      <line num="3" count="0" type="stmt"/>
      <line num="4" count="0" type="stmt"/>
      <line num="8" count="1" type="stmt"/>
      <line num="9" count="4" type="stmt"/>
      <line num="10" count="1" type="stmt"/>
      <line num="13" count="1" type="stmt"/>
      <line num="15" count="1" type="stmt"/>
      <line num="16" count="0" type="stmt"/>
      <line num="17" count="0" type="stmt"/>
      <line num="21" count="1" type="stmt"/>
      <line num="22" count="1" type="stmt"/>
    </file>
    <file name="updateStatus.js" path="/home/angela/Documents/JS/todo-list/src/updateStatus.js">
      <metrics statements="4" coveredstatements="3" conditionals="0" coveredconditionals="0" methods="2" coveredmethods="1"/>
      <line num="1" count="1" type="stmt"/>
      <line num="2" count="1" type="stmt"/>
      <line num="5" count="1" type="stmt"/>
      <line num="6" count="0" type="stmt"/>
    </file>
  </project>
</coverage>
